<?xml version="1.0" encoding="UTF-8"?>
<!-- Generated by org.testng.reporters.JUnitReportReporter -->
<testsuite hostname="DSANDADI-LT" failures="0" tests="3" name="exampleclass.NewTest" time="1.562" errors="0" timestamp="27 Mar 2019 16:20:31 GMT">
  <testcase classname="exampleclass.NewTest" name="b_login" time="0.071"/>
  <testcase classname="exampleclass.NewTest" name="a_testEasy" time="1.386"/>
  <testcase classname="exampleclass.NewTest" name="c_loginenable" time="0.105"/>
</testsuite> <!-- exampleclass.NewTest -->
